# JRE version: OpenJDK Runtime Environment (11.0.8+10) (build 11.0.8+10-b944.6842174)
# Java VM: OpenJDK 64-Bit Server VM (11.0.8+10-b944.6842174, mixed mode, tiered, compressed oops, g1 gc, windows-amd64)
Heap:
 garbage-first heap   total 196608K, used 76051K [0x0000000740a00000, 0x0000000800000000)
  region size 1024K, 59 young (60416K), 9 survivors (9216K)
 Metaspace       used 45267K, capacity 45772K, committed 45952K, reserved 1089536K
  class space    used 5290K, capacity 5504K, committed 5504K, reserved 1048576K
GC Heap History (8 events):
Event: 0.572 GC heap before
{Heap before GC invocations=0 (full 0):
 garbage-first heap   total 196608K, used 17408K [0x0000000740a00000, 0x0000000800000000)
  region size 1024K, 14 young (14336K), 0 survivors (0K)
 Metaspace       used 9946K, capacity 10054K, committed 10112K, reserved 1058816K
  class space    used 846K, capacity 861K, committed 896K, reserved 1048576K
}
Event: 0.574 GC heap after
{Heap after GC invocations=1 (full 0):
 garbage-first heap   total 196608K, used 5213K [0x0000000740a00000, 0x0000000800000000)
  region size 1024K, 2 young (2048K), 2 survivors (2048K)
 Metaspace       used 9946K, capacity 10054K, committed 10112K, reserved 1058816K
  class space    used 846K, capacity 861K, committed 896K, reserved 1048576K
}
Event: 1.662 GC heap before
{Heap before GC invocations=1 (full 0):
 garbage-first heap   total 196608K, used 50269K [0x0000000740a00000, 0x0000000800000000)
  region size 1024K, 47 young (48128K), 2 survivors (2048K)
 Metaspace       used 20757K, capacity 20998K, committed 21248K, reserved 1069056K
  class space    used 2190K, capacity 2297K, committed 2304K, reserved 1048576K
}
Event: 1.675 GC heap after
{Heap after GC invocations=2 (full 0):
 garbage-first heap   total 196608K, used 9468K [0x0000000740a00000, 0x0000000800000000)
  region size 1024K, 7 young (7168K), 7 survivors (7168K)
 Metaspace       used 20757K, capacity 20998K, committed 21248K, reserved 1069056K
  class space    used 2190K, capacity 2297K, committed 2304K, reserved 1048576K
}
Event: 3.266 GC heap before
{Heap before GC invocations=3 (full 0):
 garbage-first heap   total 196608K, used 70908K [0x0000000740a00000, 0x0000000800000000)
  region size 1024K, 55 young (56320K), 7 survivors (7168K)
 Metaspace       used 30509K, capacity 30949K, committed 31232K, reserved 1077248K
  class space    used 3583K, capacity 3771K, committed 3840K, reserved 1048576K
}
Event: 3.281 GC heap after
{Heap after GC invocations=4 (full 0):
 garbage-first heap   total 196608K, used 23754K [0x0000000740a00000, 0x0000000800000000)
  region size 1024K, 7 young (7168K), 7 survivors (7168K)
 Metaspace       used 30509K, capacity 30949K, committed 31232K, reserved 1077248K
  class space    used 3583K, capacity 3771K, committed 3840K, reserved 1048576K
}
Event: 3.808 GC heap before
{Heap before GC invocations=4 (full 0):
 garbage-first heap   total 196608K, used 44234K [0x0000000740a00000, 0x0000000800000000)
  region size 1024K, 28 young (28672K), 7 survivors (7168K)
 Metaspace       used 35017K, capacity 35428K, committed 35584K, reserved 1081344K
  class space    used 4084K, capacity 4261K, committed 4352K, reserved 1048576K
}
Event: 3.823 GC heap after
{Heap after GC invocations=5 (full 0):
 garbage-first heap   total 196608K, used 23827K [0x0000000740a00000, 0x0000000800000000)
  region size 1024K, 9 young (9216K), 9 survivors (9216K)
 Metaspace       used 35017K, capacity 35428K, committed 35584K, reserved 1081344K
  class space    used 4084K, capacity 4261K, committed 4352K, reserved 1048576K
}

