# JRE version: OpenJDK Runtime Environment (11.0.8+10) (build 11.0.8+10-b944.6842174)
# Java VM: OpenJDK 64-Bit Server VM (11.0.8+10-b944.6842174, mixed mode, tiered, compressed oops, g1 gc, windows-amd64)
Heap:
 garbage-first heap   total 440320K, used 292864K [0x0000000080000000, 0x0000000100000000)
  region size 1024K, 6 young (6144K), 3 survivors (3072K)
 Metaspace       used 236630K, capacity 242122K, committed 242408K, reserved 1261568K
  class space    used 28336K, capacity 30162K, committed 30208K, reserved 1048576K
GC Heap History (20 events):
Event: 496.559 GC heap before
{Heap before GC invocations=102 (full 0):
 garbage-first heap   total 440320K, used 203845K [0x0000000080000000, 0x0000000100000000)
  region size 1024K, 21 young (21504K), 10 survivors (10240K)
 Metaspace       used 199537K, capacity 204698K, committed 204904K, reserved 1228800K
  class space    used 24249K, capacity 25970K, committed 25984K, reserved 1048576K
}
Event: 496.574 GC heap after
{Heap after GC invocations=103 (full 0):
 garbage-first heap   total 440320K, used 188203K [0x0000000080000000, 0x0000000100000000)
  region size 1024K, 2 young (2048K), 2 survivors (2048K)
 Metaspace       used 199537K, capacity 204698K, committed 204904K, reserved 1228800K
  class space    used 24249K, capacity 25970K, committed 25984K, reserved 1048576K
}
Event: 496.728 GC heap before
{Heap before GC invocations=103 (full 0):
 garbage-first heap   total 440320K, used 190251K [0x0000000080000000, 0x0000000100000000)
  region size 1024K, 5 young (5120K), 2 survivors (2048K)
 Metaspace       used 200502K, capacity 205613K, committed 205800K, reserved 1228800K
  class space    used 24380K, capacity 26105K, committed 26112K, reserved 1048576K
}
Event: 496.734 GC heap after
{Heap after GC invocations=104 (full 0):
 garbage-first heap   total 440320K, used 187366K [0x0000000080000000, 0x0000000100000000)
  region size 1024K, 1 young (1024K), 1 survivors (1024K)
 Metaspace       used 200502K, capacity 205613K, committed 205800K, reserved 1228800K
  class space    used 24380K, capacity 26105K, committed 26112K, reserved 1048576K
}
Event: 505.366 GC heap before
{Heap before GC invocations=105 (full 0):
 garbage-first heap   total 440320K, used 316390K [0x0000000080000000, 0x0000000100000000)
  region size 1024K, 126 young (129024K), 1 survivors (1024K)
 Metaspace       used 212337K, capacity 217584K, committed 217832K, reserved 1241088K
  class space    used 25543K, capacity 27315K, committed 27392K, reserved 1048576K
}
Event: 505.393 GC heap after
{Heap after GC invocations=106 (full 0):
 garbage-first heap   total 440320K, used 203884K [0x0000000080000000, 0x0000000100000000)
  region size 1024K, 16 young (16384K), 16 survivors (16384K)
 Metaspace       used 212337K, capacity 217584K, committed 217832K, reserved 1241088K
  class space    used 25543K, capacity 27315K, committed 27392K, reserved 1048576K
}
Event: 505.782 GC heap before
{Heap before GC invocations=106 (full 0):
 garbage-first heap   total 440320K, used 209004K [0x0000000080000000, 0x0000000100000000)
  region size 1024K, 21 young (21504K), 16 survivors (16384K)
 Metaspace       used 212393K, capacity 217649K, committed 217832K, reserved 1241088K
  class space    used 25544K, capacity 27315K, committed 27392K, reserved 1048576K
}
Event: 505.808 GC heap after
{Heap after GC invocations=107 (full 0):
 garbage-first heap   total 440320K, used 205467K [0x0000000080000000, 0x0000000100000000)
  region size 1024K, 2 young (2048K), 2 survivors (2048K)
 Metaspace       used 212393K, capacity 217649K, committed 217832K, reserved 1241088K
  class space    used 25544K, capacity 27315K, committed 27392K, reserved 1048576K
}
Event: 513.770 GC heap before
{Heap before GC invocations=107 (full 0):
 garbage-first heap   total 440320K, used 308891K [0x0000000080000000, 0x0000000100000000)
  region size 1024K, 104 young (106496K), 2 survivors (2048K)
 Metaspace       used 218954K, capacity 224304K, committed 224360K, reserved 1245184K
  class space    used 26175K, capacity 27980K, committed 28032K, reserved 1048576K
}
Event: 513.798 GC heap after
{Heap after GC invocations=108 (full 0):
 garbage-first heap   total 440320K, used 219145K [0x0000000080000000, 0x0000000100000000)
  region size 1024K, 16 young (16384K), 16 survivors (16384K)
 Metaspace       used 218954K, capacity 224304K, committed 224360K, reserved 1245184K
  class space    used 26175K, capacity 27980K, committed 28032K, reserved 1048576K
}
Event: 521.279 GC heap before
{Heap before GC invocations=109 (full 0):
 garbage-first heap   total 440320K, used 334857K [0x0000000080000000, 0x0000000100000000)
  region size 1024K, 127 young (130048K), 16 survivors (16384K)
 Metaspace       used 228867K, capacity 234246K, committed 234472K, reserved 1255424K
  class space    used 27507K, capacity 29328K, committed 29440K, reserved 1048576K
}
Event: 521.315 GC heap after
{Heap after GC invocations=110 (full 0):
 garbage-first heap   total 440320K, used 230658K [0x0000000080000000, 0x0000000100000000)
  region size 1024K, 10 young (10240K), 10 survivors (10240K)
 Metaspace       used 228867K, capacity 234246K, committed 234472K, reserved 1255424K
  class space    used 27507K, capacity 29328K, committed 29440K, reserved 1048576K
}
Event: 522.302 GC heap before
{Heap before GC invocations=110 (full 0):
 garbage-first heap   total 440320K, used 241922K [0x0000000080000000, 0x0000000100000000)
  region size 1024K, 21 young (21504K), 10 survivors (10240K)
 Metaspace       used 230277K, capacity 235639K, committed 235880K, reserved 1255424K
  class space    used 27739K, capacity 29558K, committed 29568K, reserved 1048576K
}
Event: 522.326 GC heap after
{Heap after GC invocations=111 (full 0):
 garbage-first heap   total 440320K, used 232926K [0x0000000080000000, 0x0000000100000000)
  region size 1024K, 3 young (3072K), 3 survivors (3072K)
 Metaspace       used 230277K, capacity 235639K, committed 235880K, reserved 1255424K
  class space    used 27739K, capacity 29558K, committed 29568K, reserved 1048576K
}
Event: 523.158 GC heap before
{Heap before GC invocations=111 (full 0):
 garbage-first heap   total 440320K, used 257502K [0x0000000080000000, 0x0000000100000000)
  region size 1024K, 28 young (28672K), 3 survivors (3072K)
 Metaspace       used 232820K, capacity 238209K, committed 238440K, reserved 1257472K
  class space    used 27997K, capacity 29817K, committed 29824K, reserved 1048576K
}
Event: 523.167 GC heap after
{Heap after GC invocations=112 (full 0):
 garbage-first heap   total 440320K, used 233786K [0x0000000080000000, 0x0000000100000000)
  region size 1024K, 4 young (4096K), 4 survivors (4096K)
 Metaspace       used 232820K, capacity 238209K, committed 238440K, reserved 1257472K
  class space    used 27997K, capacity 29817K, committed 29824K, reserved 1048576K
}
Event: 526.831 GC heap before
{Heap before GC invocations=113 (full 0):
 garbage-first heap   total 440320K, used 382266K [0x0000000080000000, 0x0000000100000000)
  region size 1024K, 117 young (119808K), 4 survivors (4096K)
 Metaspace       used 236630K, capacity 242122K, committed 242408K, reserved 1261568K
  class space    used 28336K, capacity 30162K, committed 30208K, reserved 1048576K
}
Event: 526.898 GC heap after
{Heap after GC invocations=114 (full 0):
 garbage-first heap   total 440320K, used 287581K [0x0000000080000000, 0x0000000100000000)
  region size 1024K, 15 young (15360K), 15 survivors (15360K)
 Metaspace       used 236630K, capacity 242122K, committed 242408K, reserved 1261568K
  class space    used 28336K, capacity 30162K, committed 30208K, reserved 1048576K
}
Event: 527.163 GC heap before
{Heap before GC invocations=114 (full 0):
 garbage-first heap   total 440320K, used 293725K [0x0000000080000000, 0x0000000100000000)
  region size 1024K, 21 young (21504K), 15 survivors (15360K)
 Metaspace       used 236630K, capacity 242122K, committed 242408K, reserved 1261568K
  class space    used 28336K, capacity 30162K, committed 30208K, reserved 1048576K
}
Event: 527.208 GC heap after
{Heap after GC invocations=115 (full 0):
 garbage-first heap   total 440320K, used 290816K [0x0000000080000000, 0x0000000100000000)
  region size 1024K, 3 young (3072K), 3 survivors (3072K)
 Metaspace       used 236630K, capacity 242122K, committed 242408K, reserved 1261568K
  class space    used 28336K, capacity 30162K, committed 30208K, reserved 1048576K
}

